<?xml version="1.0" encoding="UTF-8"?>
<!-- Generated by org.testng.reporters.JUnitXMLReporter -->
<testsuite ignored="0" hostname="Garimas-MacBook-Air.local" failures="1" tests="1" name="ebanking" time="4.72" errors="0" timestamp="2023-05-10T16:23:07 EDT">
  <testcase classname="com.myAutomationProject.TestCases.TestCase_01" name="loginTest" time="0.792">
    <failure type="java.lang.AssertionError" message="expected [true] but found [false]">
      <![CDATA[java.lang.AssertionError: expected [true] but found [false]
at com.myAutomationProject.TestCases.TestCase_01.loginTest(TestCase_01.java:28)
at java.base/java.util.ArrayList.forEach(ArrayList.java:1511)
... Removed 31 stack frames]]>
    </failure>
  </testcase> <!-- loginTest -->
</testsuite> <!-- ebanking -->
